ApplicationsMobiles_4C6/Tenretni/app/build/intermediates/manifest_merge_blame_file/debug/manifest-merger-blame-debug-report.txt
1<?xml version="1.0" encoding="utf-8"?>
2<manifest xmlns:android="http://schemas.android.com/apk/res/android"
3    package="ca.qc.cstj.tenretni"
4    android:versionCode="1"
5    android:versionName="1.0" >
6
7    <uses-sdk
8        android:minSdkVersion="24"
8-->src\main\AndroidManifest.xml
9        android:targetSdkVersion="32" />
9-->src\main\AndroidManifest.xml
10
11    <uses-permission android:name="android.permission.INTERNET" />
11-->src\main\AndroidManifest.xml:5:5-67
11-->src\main\AndroidManifest.xml:5:22-64
12    <uses-permission android:name="android.permission.ACCESS_COARSE_LOCATION" />
12-->src\main\AndroidManifest.xml:6:5-81
12-->src\main\AndroidManifest.xml:6:22-78
13    <uses-permission android:name="android.permission.ACCESS_FINE_LOCATION" />
13-->src\main\AndroidManifest.xml:7:5-79
13-->src\main\AndroidManifest.xml:7:22-76
14
15    <uses-feature android:name="android.hardware.camera" />
15-->[io.github.g00fy2.quickie:quickie-bundled:1.4.1] AndroidManifest.xml:9:5-60
15-->[io.github.g00fy2.quickie:quickie-bundled:1.4.1] AndroidManifest.xml:9:19-57
16
17    <uses-permission android:name="android.permission.CAMERA" /> <!-- Include required permissions for Google Maps API to run. -->
17-->[io.github.g00fy2.quickie:quickie-bundled:1.4.1] AndroidManifest.xml:11:5-65
17-->[io.github.g00fy2.quickie:quickie-bundled:1.4.1] AndroidManifest.xml:11:22-62
18    <uses-permission android:name="android.permission.ACCESS_NETWORK_STATE" />
18-->[com.google.android.gms:play-services-maps:18.0.2] AndroidManifest.xml:23:5-79
18-->[com.google.android.gms:play-services-maps:18.0.2] AndroidManifest.xml:23:22-76
19
20    <uses-feature
20-->[com.google.android.gms:play-services-maps:18.0.2] AndroidManifest.xml:26:5-28:35
21        android:glEsVersion="0x00020000"
21-->[com.google.android.gms:play-services-maps:18.0.2] AndroidManifest.xml:27:9-41
22        android:required="true" />
22-->[com.google.android.gms:play-services-maps:18.0.2] AndroidManifest.xml:28:9-32
23
24    <queries>
24-->[com.google.android.gms:play-services-maps:18.0.2] AndroidManifest.xml:30:5-34:15
25
26        <!-- Needs to be explicitly declared on Android R+ -->
27        <package android:name="com.google.android.apps.maps" />
27-->[com.google.android.gms:play-services-maps:18.0.2] AndroidManifest.xml:33:9-64
27-->[com.google.android.gms:play-services-maps:18.0.2] AndroidManifest.xml:33:18-61
28    </queries>
29
30    <uses-feature
30-->[com.journeyapps:zxing-android-embedded:4.3.0] AndroidManifest.xml:28:5-30:36
31        android:name="android.hardware.camera.front"
31-->[com.journeyapps:zxing-android-embedded:4.3.0] AndroidManifest.xml:29:9-53
32        android:required="false" /> <!-- TODO replace above two with next line after Android 4.2 -->
32-->[com.journeyapps:zxing-android-embedded:4.3.0] AndroidManifest.xml:30:9-33
33    <!-- <uses-feature android:name="android.hardware.camera.any"/> -->
34    <uses-feature
34-->[com.journeyapps:zxing-android-embedded:4.3.0] AndroidManifest.xml:33:5-35:36
35        android:name="android.hardware.camera.autofocus"
35-->[com.journeyapps:zxing-android-embedded:4.3.0] AndroidManifest.xml:34:9-57
36        android:required="false" />
36-->[com.journeyapps:zxing-android-embedded:4.3.0] AndroidManifest.xml:35:9-33
37    <uses-feature
37-->[com.journeyapps:zxing-android-embedded:4.3.0] AndroidManifest.xml:36:5-38:36
38        android:name="android.hardware.camera.flash"
38-->[com.journeyapps:zxing-android-embedded:4.3.0] AndroidManifest.xml:37:9-53
39        android:required="false" />
39-->[com.journeyapps:zxing-android-embedded:4.3.0] AndroidManifest.xml:38:9-33
40    <uses-feature
40-->[com.journeyapps:zxing-android-embedded:4.3.0] AndroidManifest.xml:39:5-41:36
41        android:name="android.hardware.screen.landscape"
41-->[com.journeyapps:zxing-android-embedded:4.3.0] AndroidManifest.xml:40:9-57
42        android:required="false" />
42-->[com.journeyapps:zxing-android-embedded:4.3.0] AndroidManifest.xml:41:9-33
43    <uses-feature
43-->[com.journeyapps:zxing-android-embedded:4.3.0] AndroidManifest.xml:42:5-44:36
44        android:name="android.hardware.wifi"
44-->[com.journeyapps:zxing-android-embedded:4.3.0] AndroidManifest.xml:43:9-45
45        android:required="false" />
45-->[com.journeyapps:zxing-android-embedded:4.3.0] AndroidManifest.xml:44:9-33
46
47    <application
47-->src\main\AndroidManifest.xml:9:5-39:19
48        android:allowBackup="true"
48-->src\main\AndroidManifest.xml:10:9-35
49        android:appComponentFactory="androidx.core.app.CoreComponentFactory"
49-->[androidx.core:core:1.7.0] AndroidManifest.xml:24:18-86
50        android:debuggable="true"
51        android:extractNativeLibs="false"
52        android:icon="@drawable/tenretni"
52-->src\main\AndroidManifest.xml:11:9-42
53        android:label="@string/app_name"
53-->src\main\AndroidManifest.xml:12:9-41
54        android:roundIcon="@drawable/tenretni"
54-->src\main\AndroidManifest.xml:13:9-47
55        android:supportsRtl="true"
55-->src\main\AndroidManifest.xml:14:9-35
56        android:testOnly="true"
57        android:theme="@style/Theme.Tenretni" >
57-->src\main\AndroidManifest.xml:15:9-46
58        <meta-data
59            android:name="com.google.android.geo.API_KEY"
59-->src\main\AndroidManifest.xml:18:13-58
60            android:value="AIzaSyCw-QrW3wnuGsHcmKNpMRboHsmgzjV-mFc" />
60-->src\main\AndroidManifest.xml:19:13-44
61
62        <activity
62-->src\main\AndroidManifest.xml:21:9-24:59
63            android:name="ca.qc.cstj.tenretni.presentation.ui.map.MapsActivity"
63-->src\main\AndroidManifest.xml:22:13-61
64            android:exported="false"
64-->src\main\AndroidManifest.xml:23:13-37
65            android:label="@string/title_activity_maps" />
65-->src\main\AndroidManifest.xml:24:13-56
66        <activity
66-->src\main\AndroidManifest.xml:26:9-34:20
67            android:name="ca.qc.cstj.tenretni.presentation.ui.loading.LoadingActivity"
67-->src\main\AndroidManifest.xml:27:13-68
68            android:exported="true" >
68-->src\main\AndroidManifest.xml:28:13-36
69            <intent-filter>
69-->src\main\AndroidManifest.xml:29:13-33:29
70                <action android:name="android.intent.action.MAIN" />
70-->src\main\AndroidManifest.xml:30:17-69
70-->src\main\AndroidManifest.xml:30:25-66
71
72                <category android:name="android.intent.category.LAUNCHER" />
72-->src\main\AndroidManifest.xml:32:17-77
72-->src\main\AndroidManifest.xml:32:27-74
73            </intent-filter>
74        </activity>
75        <activity
75-->src\main\AndroidManifest.xml:35:9-38:20
76            android:name="ca.qc.cstj.tenretni.MainActivity"
76-->src\main\AndroidManifest.xml:36:13-41
77            android:exported="false" >
77-->src\main\AndroidManifest.xml:37:13-37
78        </activity>
79        <activity
79-->[io.github.g00fy2.quickie:quickie-bundled:1.4.1] AndroidManifest.xml:14:9-17:61
80            android:name="io.github.g00fy2.quickie.QRScannerActivity"
80-->[io.github.g00fy2.quickie:quickie-bundled:1.4.1] AndroidManifest.xml:15:13-70
81            android:screenOrientation="behind"
81-->[io.github.g00fy2.quickie:quickie-bundled:1.4.1] AndroidManifest.xml:16:13-47
82            android:theme="@style/QuickieScannerActivity" />
82-->[io.github.g00fy2.quickie:quickie-bundled:1.4.1] AndroidManifest.xml:17:13-58
83
84        <uses-library
84-->[androidx.window:window:1.0.0] AndroidManifest.xml:25:9-27:40
85            android:name="androidx.window.extensions"
85-->[androidx.window:window:1.0.0] AndroidManifest.xml:26:13-54
86            android:required="false" />
86-->[androidx.window:window:1.0.0] AndroidManifest.xml:27:13-37
87        <uses-library
87-->[androidx.window:window:1.0.0] AndroidManifest.xml:28:9-30:40
88            android:name="androidx.window.sidecar"
88-->[androidx.window:window:1.0.0] AndroidManifest.xml:29:13-51
89            android:required="false" /> <!-- Needs to be explicitly declared on P+ -->
89-->[androidx.window:window:1.0.0] AndroidManifest.xml:30:13-37
90        <uses-library
90-->[com.google.android.gms:play-services-maps:18.0.2] AndroidManifest.xml:39:9-41:40
91            android:name="org.apache.http.legacy"
91-->[com.google.android.gms:play-services-maps:18.0.2] AndroidManifest.xml:40:13-50
92            android:required="false" />
92-->[com.google.android.gms:play-services-maps:18.0.2] AndroidManifest.xml:41:13-37
93
94        <service
94-->[com.google.android.gms:play-services-mlkit-barcode-scanning:18.0.0] AndroidManifest.xml:9:9-15:19
95            android:name="com.google.mlkit.common.internal.MlKitComponentDiscoveryService"
95-->[com.google.android.gms:play-services-mlkit-barcode-scanning:18.0.0] AndroidManifest.xml:10:13-91
96            android:directBootAware="true"
96-->[com.google.mlkit:common:18.0.0] AndroidManifest.xml:17:13-43
97            android:exported="false" >
97-->[com.google.android.gms:play-services-mlkit-barcode-scanning:18.0.0] AndroidManifest.xml:11:13-37
98            <meta-data
98-->[com.google.android.gms:play-services-mlkit-barcode-scanning:18.0.0] AndroidManifest.xml:12:13-14:85
99                android:name="com.google.firebase.components:com.google.mlkit.vision.barcode.internal.BarcodeRegistrar"
99-->[com.google.android.gms:play-services-mlkit-barcode-scanning:18.0.0] AndroidManifest.xml:13:17-120
100                android:value="com.google.firebase.components.ComponentRegistrar" />
100-->[com.google.android.gms:play-services-mlkit-barcode-scanning:18.0.0] AndroidManifest.xml:14:17-82
101            <meta-data
101-->[com.google.mlkit:vision-common:17.0.0] AndroidManifest.xml:12:13-14:85
102                android:name="com.google.firebase.components:com.google.mlkit.vision.common.internal.VisionCommonRegistrar"
102-->[com.google.mlkit:vision-common:17.0.0] AndroidManifest.xml:13:17-124
103                android:value="com.google.firebase.components.ComponentRegistrar" />
103-->[com.google.mlkit:vision-common:17.0.0] AndroidManifest.xml:14:17-82
104            <meta-data
104-->[com.google.mlkit:common:18.0.0] AndroidManifest.xml:20:13-22:85
105                android:name="com.google.firebase.components:com.google.mlkit.common.internal.CommonComponentRegistrar"
105-->[com.google.mlkit:common:18.0.0] AndroidManifest.xml:21:17-120
106                android:value="com.google.firebase.components.ComponentRegistrar" />
106-->[com.google.mlkit:common:18.0.0] AndroidManifest.xml:22:17-82
107        </service>
108
109        <provider
109-->[com.google.mlkit:common:18.0.0] AndroidManifest.xml:9:9-13:38
110            android:name="com.google.mlkit.common.internal.MlKitInitProvider"
110-->[com.google.mlkit:common:18.0.0] AndroidManifest.xml:10:13-78
111            android:authorities="ca.qc.cstj.tenretni.mlkitinitprovider"
111-->[com.google.mlkit:common:18.0.0] AndroidManifest.xml:11:13-69
112            android:exported="false"
112-->[com.google.mlkit:common:18.0.0] AndroidManifest.xml:12:13-37
113            android:initOrder="99" />
113-->[com.google.mlkit:common:18.0.0] AndroidManifest.xml:13:13-35
114
115        <activity
115-->[com.google.android.gms:play-services-base:18.0.1] AndroidManifest.xml:20:9-22:45
116            android:name="com.google.android.gms.common.api.GoogleApiActivity"
116-->[com.google.android.gms:play-services-base:18.0.1] AndroidManifest.xml:20:19-85
117            android:exported="false"
117-->[com.google.android.gms:play-services-base:18.0.1] AndroidManifest.xml:22:19-43
118            android:theme="@android:style/Theme.Translucent.NoTitleBar" />
118-->[com.google.android.gms:play-services-base:18.0.1] AndroidManifest.xml:21:19-78
119
120        <meta-data
120-->[com.google.android.gms:play-services-basement:18.0.0] AndroidManifest.xml:21:9-23:69
121            android:name="com.google.android.gms.version"
121-->[com.google.android.gms:play-services-basement:18.0.0] AndroidManifest.xml:22:13-58
122            android:value="@integer/google_play_services_version" />
122-->[com.google.android.gms:play-services-basement:18.0.0] AndroidManifest.xml:23:13-66
123
124        <activity
124-->[com.journeyapps:zxing-android-embedded:4.3.0] AndroidManifest.xml:47:9-53:63
125            android:name="com.journeyapps.barcodescanner.CaptureActivity"
125-->[com.journeyapps:zxing-android-embedded:4.3.0] AndroidManifest.xml:48:13-74
126            android:clearTaskOnLaunch="true"
126-->[com.journeyapps:zxing-android-embedded:4.3.0] AndroidManifest.xml:49:13-45
127            android:screenOrientation="sensorLandscape"
127-->[com.journeyapps:zxing-android-embedded:4.3.0] AndroidManifest.xml:50:13-56
128            android:stateNotNeeded="true"
128-->[com.journeyapps:zxing-android-embedded:4.3.0] AndroidManifest.xml:51:13-42
129            android:theme="@style/zxing_CaptureTheme"
129-->[com.journeyapps:zxing-android-embedded:4.3.0] AndroidManifest.xml:52:13-54
130            android:windowSoftInputMode="stateAlwaysHidden" />
130-->[com.journeyapps:zxing-android-embedded:4.3.0] AndroidManifest.xml:53:13-60
131
132        <provider
132-->[androidx.emoji2:emoji2:1.0.0] AndroidManifest.xml:26:9-34:20
133            android:name="androidx.startup.InitializationProvider"
133-->[androidx.emoji2:emoji2:1.0.0] AndroidManifest.xml:27:13-67
134            android:authorities="ca.qc.cstj.tenretni.androidx-startup"
134-->[androidx.emoji2:emoji2:1.0.0] AndroidManifest.xml:28:13-68
135            android:exported="false" >
135-->[androidx.emoji2:emoji2:1.0.0] AndroidManifest.xml:29:13-37
136            <meta-data
136-->[androidx.emoji2:emoji2:1.0.0] AndroidManifest.xml:31:13-33:52
137                android:name="androidx.emoji2.text.EmojiCompatInitializer"
137-->[androidx.emoji2:emoji2:1.0.0] AndroidManifest.xml:32:17-75
138                android:value="androidx.startup" />
138-->[androidx.emoji2:emoji2:1.0.0] AndroidManifest.xml:33:17-49
139            <meta-data
139-->[androidx.lifecycle:lifecycle-process:2.4.0] AndroidManifest.xml:31:13-33:52
140                android:name="androidx.lifecycle.ProcessLifecycleInitializer"
140-->[androidx.lifecycle:lifecycle-process:2.4.0] AndroidManifest.xml:32:17-78
141                android:value="androidx.startup" />
141-->[androidx.lifecycle:lifecycle-process:2.4.0] AndroidManifest.xml:33:17-49
142        </provider>
143
144        <service
144-->[com.google.android.datatransport:transport-backend-cct:2.3.3] AndroidManifest.xml:29:9-35:19
145            android:name="com.google.android.datatransport.runtime.backends.TransportBackendDiscovery"
145-->[com.google.android.datatransport:transport-backend-cct:2.3.3] AndroidManifest.xml:30:13-103
146            android:exported="false" >
146-->[com.google.android.datatransport:transport-backend-cct:2.3.3] AndroidManifest.xml:31:13-37
147            <meta-data
147-->[com.google.android.datatransport:transport-backend-cct:2.3.3] AndroidManifest.xml:32:13-34:39
148                android:name="backend:com.google.android.datatransport.cct.CctBackendFactory"
148-->[com.google.android.datatransport:transport-backend-cct:2.3.3] AndroidManifest.xml:33:17-94
149                android:value="cct" />
149-->[com.google.android.datatransport:transport-backend-cct:2.3.3] AndroidManifest.xml:34:17-36
150        </service>
151        <service
151-->[com.google.android.datatransport:transport-runtime:2.2.6] AndroidManifest.xml:26:9-30:19
152            android:name="com.google.android.datatransport.runtime.scheduling.jobscheduling.JobInfoSchedulerService"
152-->[com.google.android.datatransport:transport-runtime:2.2.6] AndroidManifest.xml:27:13-117
153            android:exported="false"
153-->[com.google.android.datatransport:transport-runtime:2.2.6] AndroidManifest.xml:28:13-37
154            android:permission="android.permission.BIND_JOB_SERVICE" >
154-->[com.google.android.datatransport:transport-runtime:2.2.6] AndroidManifest.xml:29:13-69
155        </service>
156
157        <receiver
157-->[com.google.android.datatransport:transport-runtime:2.2.6] AndroidManifest.xml:32:9-34:40
158            android:name="com.google.android.datatransport.runtime.scheduling.jobscheduling.AlarmManagerSchedulerBroadcastReceiver"
158-->[com.google.android.datatransport:transport-runtime:2.2.6] AndroidManifest.xml:33:13-132
159            android:exported="false" />
159-->[com.google.android.datatransport:transport-runtime:2.2.6] AndroidManifest.xml:34:13-37
160    </application>
161
162</manifest>